2018-02-14 00:40:01,732 INFO: Microblog startup [in /home/tk/PycharmProjects/microblog/app/__init__.py:41]
2018-02-14 00:45:20,941 INFO: Microblog startup [in /home/tk/PycharmProjects/microblog/app/__init__.py:41]
2018-02-14 00:56:02,617 INFO: Microblog startup [in /home/tk/PycharmProjects/microblog/app/__init__.py:41]
2018-02-14 00:58:15,723 INFO: Microblog startup [in /home/tk/PycharmProjects/microblog/app/__init__.py:41]
2018-02-14 01:08:19,291 INFO: Microblog startup [in /home/tk/PycharmProjects/microblog/app/__init__.py:41]
2018-02-14 21:23:54,394 INFO: Microblog startup [in /home/tk/PycharmProjects/microblog/app/__init__.py:41]
2018-02-14 21:24:00,015 ERROR: Exception on /index [GET] [in /home/tk/PycharmProjects/microblog/venv/local/lib/python2.7/site-packages/flask/app.py:1560]
Traceback (most recent call last):
  File "/home/tk/PycharmProjects/microblog/venv/local/lib/python2.7/site-packages/flask/app.py", line 1982, in wsgi_app
    response = self.full_dispatch_request()
  File "/home/tk/PycharmProjects/microblog/venv/local/lib/python2.7/site-packages/flask/app.py", line 1614, in full_dispatch_request
    rv = self.handle_user_exception(e)
  File "/home/tk/PycharmProjects/microblog/venv/local/lib/python2.7/site-packages/flask/app.py", line 1517, in handle_user_exception
    reraise(exc_type, exc_value, tb)
  File "/home/tk/PycharmProjects/microblog/venv/local/lib/python2.7/site-packages/flask/app.py", line 1612, in full_dispatch_request
    rv = self.dispatch_request()
  File "/home/tk/PycharmProjects/microblog/venv/local/lib/python2.7/site-packages/flask/app.py", line 1598, in dispatch_request
    return self.view_functions[rule.endpoint](**req.view_args)
  File "/home/tk/PycharmProjects/microblog/venv/local/lib/python2.7/site-packages/flask_login/utils.py", line 261, in decorated_view
    return func(*args, **kwargs)
  File "/home/tk/PycharmProjects/microblog/app/routes.py", line 56, in index
    posts = current_user.followed_posts().paginate(page, app.config['POST_PER_PAGE'], False).items
KeyError: 'POST_PER_PAGE'
2018-02-14 21:24:35,133 INFO: Microblog startup [in /home/tk/PycharmProjects/microblog/app/__init__.py:41]
2018-02-14 21:24:47,195 ERROR: Exception on /index [GET] [in /home/tk/PycharmProjects/microblog/venv/local/lib/python2.7/site-packages/flask/app.py:1560]
Traceback (most recent call last):
  File "/home/tk/PycharmProjects/microblog/venv/local/lib/python2.7/site-packages/flask/app.py", line 1982, in wsgi_app
    response = self.full_dispatch_request()
  File "/home/tk/PycharmProjects/microblog/venv/local/lib/python2.7/site-packages/flask/app.py", line 1614, in full_dispatch_request
    rv = self.handle_user_exception(e)
  File "/home/tk/PycharmProjects/microblog/venv/local/lib/python2.7/site-packages/flask/app.py", line 1517, in handle_user_exception
    reraise(exc_type, exc_value, tb)
  File "/home/tk/PycharmProjects/microblog/venv/local/lib/python2.7/site-packages/flask/app.py", line 1612, in full_dispatch_request
    rv = self.dispatch_request()
  File "/home/tk/PycharmProjects/microblog/venv/local/lib/python2.7/site-packages/flask/app.py", line 1598, in dispatch_request
    return self.view_functions[rule.endpoint](**req.view_args)
  File "/home/tk/PycharmProjects/microblog/venv/local/lib/python2.7/site-packages/flask_login/utils.py", line 261, in decorated_view
    return func(*args, **kwargs)
  File "/home/tk/PycharmProjects/microblog/app/routes.py", line 57, in index
    return render_template('index.html', title='Home', form=form, posts=posts.items)
AttributeError: 'list' object has no attribute 'items'
2018-02-14 21:25:40,858 INFO: Microblog startup [in /home/tk/PycharmProjects/microblog/app/__init__.py:41]
2018-02-14 21:29:36,789 INFO: Microblog startup [in /home/tk/PycharmProjects/microblog/app/__init__.py:41]
2018-02-14 21:31:25,078 INFO: Microblog startup [in /home/tk/PycharmProjects/microblog/app/__init__.py:41]
2018-02-14 21:57:04,583 INFO: Microblog startup [in /home/tk/PycharmProjects/microblog/app/__init__.py:41]
2018-03-15 14:03:58,453 INFO: Microblog startup [in /home/tk/PycharmProjects/microblog/app/__init__.py:41]
2018-03-15 15:07:28,858 INFO: Microblog startup [in /home/tk/PycharmProjects/microblog/app/__init__.py:41]
2018-03-22 11:58:09,736 INFO: Microblog startup [in /home/tk/PycharmProjects/microblog/app/__init__.py:44]
